<?xml version="1.0" encoding="UTF-8"?>
<testng-results skipped="0" failed="0" ignored="0" total="1" passed="1">
  <reporter-output>
    <line>
      <![CDATA[git demo....]]>
    </line>
  </reporter-output>
  <suite name="Default suite" duration-ms="39" started-at="2021-03-23T16:16:14 IST" finished-at="2021-03-23T16:16:15 IST">
    <groups>
    </groups>
    <test name="Default test" duration-ms="39" started-at="2021-03-23T16:16:14 IST" finished-at="2021-03-23T16:16:15 IST">
      <class name="com_ActiTime_Test.Demo">
        <test-method status="PASS" signature="testA()[pri:0, instance:com_ActiTime_Test.Demo@4f970963]" name="testA" duration-ms="9" started-at="2021-03-23T16:16:15 IST" finished-at="2021-03-23T16:16:15 IST">
          <reporter-output>
            <line>
              <![CDATA[git demo....]]>
            </line>
          </reporter-output>
        </test-method> <!-- testA -->
      </class> <!-- com_ActiTime_Test.Demo -->
    </test> <!-- Default test -->
  </suite> <!-- Default suite -->
</testng-results>
